<?xml version="1.0" encoding="UTF-8"?>
<!-- Generated by org.testng.reporters.JUnitReportReporter -->
<testsuite hostname="Mohammads-MBP.home" failures="0" tests="2" name="SekeniumBasics.DifferentActions" time="3.866" errors="0" timestamp="02 Jun 2019 20:48:50 GMT" skipped="0">
  <testcase classname="SekeniumBasics.DifferentActions" name="selectDropdown" time="3.355"/>
  <testcase classname="SekeniumBasics.DifferentActions" name="typeTextBox" time="0.511"/>
</testsuite> <!-- SekeniumBasics.DifferentActions -->
