<?xml version="1.0" encoding="UTF-8"?>
<!-- Generated by org.testng.reporters.JUnitReportReporter -->
<testsuite hostname="Mohammads-MBP.home" failures="0" tests="1" name="SekeniumBasics.Class1" time="3.619" errors="0" timestamp="26 May 2019 18:49:15 GMT" skipped="0">
  <testcase classname="SekeniumBasics.Class1" name="firstMethod" time="3.619"/>
</testsuite> <!-- SekeniumBasics.Class1 -->
